app/build/intermediates/manifest_merge_blame_file/debug/processDebugMainManifest/manifest-merger-blame-debug-report.txt
1<?xml version="1.0" encoding="utf-8"?>
2<manifest xmlns:android="http://schemas.android.com/apk/res/android"
3    package="com.company.salesapp"
4    android:versionCode="1"
5    android:versionName="0.1.0-dev" >
6
7    <uses-sdk
8        android:minSdkVersion="26"
9        android:targetSdkVersion="34" />
10
11    <!-- Internet & network state -> komunikasi ke Laravel API -->
12    <uses-permission android:name="android.permission.INTERNET" />
12-->src\main\AndroidManifest.xml:6:5-67
12-->src\main\AndroidManifest.xml:6:22-64
13    <uses-permission android:name="android.permission.ACCESS_NETWORK_STATE" />
13-->src\main\AndroidManifest.xml:7:5-79
13-->src\main\AndroidManifest.xml:7:22-76
14
15    <!-- Lokasi -> Native GPS (Section 8 & 9 blueprint) -->
16    <uses-permission android:name="android.permission.ACCESS_FINE_LOCATION" />
16-->src\main\AndroidManifest.xml:10:5-79
16-->src\main\AndroidManifest.xml:10:22-76
17    <uses-permission android:name="android.permission.ACCESS_COARSE_LOCATION" />
17-->src\main\AndroidManifest.xml:11:5-81
17-->src\main\AndroidManifest.xml:11:22-78
18    <uses-permission android:name="android.permission.ACCESS_BACKGROUND_LOCATION" />
18-->src\main\AndroidManifest.xml:12:5-85
18-->src\main\AndroidManifest.xml:12:22-82
19
20    <!-- Foreground Service -> Section 10 blueprint -->
21    <uses-permission android:name="android.permission.FOREGROUND_SERVICE" />
21-->src\main\AndroidManifest.xml:15:5-77
21-->src\main\AndroidManifest.xml:15:22-74
22    <uses-permission android:name="android.permission.FOREGROUND_SERVICE_LOCATION" />
22-->src\main\AndroidManifest.xml:16:5-86
22-->src\main\AndroidManifest.xml:16:22-83
23
24    <!-- Notifikasi status tracking (Android 13+) -->
25    <uses-permission android:name="android.permission.POST_NOTIFICATIONS" />
25-->src\main\AndroidManifest.xml:19:5-77
25-->src\main\AndroidManifest.xml:19:22-74
26
27    <!-- Boot -> auto-resume tracking session bila diperlukan -->
28    <uses-permission android:name="android.permission.RECEIVE_BOOT_COMPLETED" />
28-->src\main\AndroidManifest.xml:22:5-81
28-->src\main\AndroidManifest.xml:22:22-78
29
30    <!-- Kiosk / Dedicated Device (Phase H, section 27) -->
31    <uses-permission android:name="android.permission.PACKAGE_USAGE_STATS" />
31-->src\main\AndroidManifest.xml:25:5-26:47
31-->src\main\AndroidManifest.xml:25:22-75
32    <uses-permission android:name="android.permission.WAKE_LOCK" />
32-->[androidx.work:work-runtime:2.9.1] AndroidManifest.xml:23:5-68
32-->[androidx.work:work-runtime:2.9.1] AndroidManifest.xml:23:22-65
33
34    <uses-feature
34-->[org.maplibre.gl:android-sdk:11.5.2] AndroidManifest.xml:7:5-9:35
35        android:glEsVersion="0x00030000"
35-->[org.maplibre.gl:android-sdk:11.5.2] AndroidManifest.xml:8:9-41
36        android:required="true" />
36-->[org.maplibre.gl:android-sdk:11.5.2] AndroidManifest.xml:9:9-32
37    <uses-feature
37-->[org.maplibre.gl:android-sdk:11.5.2] AndroidManifest.xml:10:5-12:36
38        android:name="android.hardware.wifi"
38-->[org.maplibre.gl:android-sdk:11.5.2] AndroidManifest.xml:11:9-45
39        android:required="false" />
39-->[org.maplibre.gl:android-sdk:11.5.2] AndroidManifest.xml:12:9-33
40
41    <uses-permission android:name="android.permission.ACCESS_WIFI_STATE" />
41-->[org.maplibre.gl:android-sdk:11.5.2] AndroidManifest.xml:16:5-76
41-->[org.maplibre.gl:android-sdk:11.5.2] AndroidManifest.xml:16:22-73
42
43    <permission
43-->[androidx.core:core:1.13.1] AndroidManifest.xml:22:5-24:47
44        android:name="com.company.salesapp.DYNAMIC_RECEIVER_NOT_EXPORTED_PERMISSION"
44-->[androidx.core:core:1.13.1] AndroidManifest.xml:23:9-81
45        android:protectionLevel="signature" />
45-->[androidx.core:core:1.13.1] AndroidManifest.xml:24:9-44
46
47    <uses-permission android:name="com.company.salesapp.DYNAMIC_RECEIVER_NOT_EXPORTED_PERMISSION" />
47-->[androidx.core:core:1.13.1] AndroidManifest.xml:26:5-97
47-->[androidx.core:core:1.13.1] AndroidManifest.xml:26:22-94
48
49    <application
50        android:name="com.company.salesapp.SalesApp"
50-->src\main\AndroidManifest.xml:29:9-33
51        android:allowBackup="false"
51-->src\main\AndroidManifest.xml:30:9-36
52        android:appComponentFactory="androidx.core.app.CoreComponentFactory"
52-->[androidx.core:core:1.13.1] AndroidManifest.xml:28:18-86
53        android:debuggable="true"
54        android:extractNativeLibs="false"
55        android:icon="@mipmap/ic_launcher"
55-->src\main\AndroidManifest.xml:31:9-43
56        android:label="@string/app_name"
56-->src\main\AndroidManifest.xml:33:9-41
57        android:networkSecurityConfig="@xml/network_security_config"
57-->src\main\AndroidManifest.xml:34:9-69
58        android:roundIcon="@mipmap/ic_launcher_round"
58-->src\main\AndroidManifest.xml:32:9-54
59        android:testOnly="true"
60        android:theme="@style/Theme.SalesApp"
60-->src\main\AndroidManifest.xml:36:9-46
61        android:usesCleartextTraffic="true" >
61-->src\main\AndroidManifest.xml:35:9-63
62        <activity
62-->src\main\AndroidManifest.xml:39:9-48:20
63            android:name="com.company.salesapp.MainActivity"
63-->src\main\AndroidManifest.xml:40:13-41
64            android:configChanges="orientation|screenSize|keyboardHidden"
64-->src\main\AndroidManifest.xml:43:13-74
65            android:exported="true"
65-->src\main\AndroidManifest.xml:41:13-36
66            android:launchMode="singleTop" >
66-->src\main\AndroidManifest.xml:42:13-43
67            <intent-filter>
67-->src\main\AndroidManifest.xml:44:13-47:29
68                <action android:name="android.intent.action.MAIN" />
68-->src\main\AndroidManifest.xml:45:17-69
68-->src\main\AndroidManifest.xml:45:25-66
69
70                <category android:name="android.intent.category.LAUNCHER" />
70-->src\main\AndroidManifest.xml:46:17-77
70-->src\main\AndroidManifest.xml:46:27-74
71            </intent-filter>
72        </activity>
73
74        <!--
75             Peta rute harian + follow-me (Section 25). Dibuka dari WebView:
76             window.Android.openRouteMap()
77        -->
78        <activity
78-->src\main\AndroidManifest.xml:52:9-56:77
79            android:name="com.company.salesapp.map.MapActivity"
79-->src\main\AndroidManifest.xml:53:13-44
80            android:configChanges="orientation|screenSize|keyboardHidden"
80-->src\main\AndroidManifest.xml:56:13-74
81            android:exported="false"
81-->src\main\AndroidManifest.xml:54:13-37
82            android:label="@string/map_title" />
82-->src\main\AndroidManifest.xml:55:13-46
83
84        <!-- Native Foreground Location Service (Section 10) -->
85        <service
85-->src\main\AndroidManifest.xml:59:9-62:56
86            android:name="com.company.salesapp.location.LocationService"
86-->src\main\AndroidManifest.xml:60:13-53
87            android:exported="false"
87-->src\main\AndroidManifest.xml:61:13-37
88            android:foregroundServiceType="location" />
88-->src\main\AndroidManifest.xml:62:13-53
89
90        <!--
91             Section 9: auto-resume tracking setelah device reboot.
92             Hanya lanjut bila sesi memang aktif + token masih ada + izin lokasi masih diberikan.
93             Catatan: sebagian OEM (Xiaomi/Oppo/Vivo) memblokir autostart kecuali diizinkan
94             manual di pengaturan device — itu batasan vendor, bukan bug.
95        -->
96        <receiver
96-->src\main\AndroidManifest.xml:68:9-76:20
97            android:name="com.company.salesapp.location.BootReceiver"
97-->src\main\AndroidManifest.xml:69:13-50
98            android:enabled="true"
98-->src\main\AndroidManifest.xml:70:13-35
99            android:exported="false" >
99-->src\main\AndroidManifest.xml:71:13-37
100            <intent-filter>
100-->src\main\AndroidManifest.xml:72:13-75:29
101                <action android:name="android.intent.action.BOOT_COMPLETED" />
101-->src\main\AndroidManifest.xml:73:17-79
101-->src\main\AndroidManifest.xml:73:25-76
102                <action android:name="android.intent.action.QUICKBOOT_POWERON" />
102-->src\main\AndroidManifest.xml:74:17-82
102-->src\main\AndroidManifest.xml:74:25-79
103            </intent-filter>
104        </receiver>
105
106        <!-- Sync Manager worker dijalankan via WorkManager, tidak perlu deklarasi service manual -->
107
108        <provider
108-->[androidx.emoji2:emoji2:1.3.0] AndroidManifest.xml:24:9-32:20
109            android:name="androidx.startup.InitializationProvider"
109-->[androidx.emoji2:emoji2:1.3.0] AndroidManifest.xml:25:13-67
110            android:authorities="com.company.salesapp.androidx-startup"
110-->[androidx.emoji2:emoji2:1.3.0] AndroidManifest.xml:26:13-68
111            android:exported="false" >
111-->[androidx.emoji2:emoji2:1.3.0] AndroidManifest.xml:27:13-37
112            <meta-data
112-->[androidx.emoji2:emoji2:1.3.0] AndroidManifest.xml:29:13-31:52
113                android:name="androidx.emoji2.text.EmojiCompatInitializer"
113-->[androidx.emoji2:emoji2:1.3.0] AndroidManifest.xml:30:17-75
114                android:value="androidx.startup" />
114-->[androidx.emoji2:emoji2:1.3.0] AndroidManifest.xml:31:17-49
115            <meta-data
115-->[androidx.work:work-runtime:2.9.1] AndroidManifest.xml:34:13-36:52
116                android:name="androidx.work.WorkManagerInitializer"
116-->[androidx.work:work-runtime:2.9.1] AndroidManifest.xml:35:17-68
117                android:value="androidx.startup" />
117-->[androidx.work:work-runtime:2.9.1] AndroidManifest.xml:36:17-49
118            <meta-data
118-->[androidx.lifecycle:lifecycle-process:2.8.4] AndroidManifest.xml:29:13-31:52
119                android:name="androidx.lifecycle.ProcessLifecycleInitializer"
119-->[androidx.lifecycle:lifecycle-process:2.8.4] AndroidManifest.xml:30:17-78
120                android:value="androidx.startup" />
120-->[androidx.lifecycle:lifecycle-process:2.8.4] AndroidManifest.xml:31:17-49
121            <meta-data
121-->[androidx.profileinstaller:profileinstaller:1.3.1] AndroidManifest.xml:29:13-31:52
122                android:name="androidx.profileinstaller.ProfileInstallerInitializer"
122-->[androidx.profileinstaller:profileinstaller:1.3.1] AndroidManifest.xml:30:17-85
123                android:value="androidx.startup" />
123-->[androidx.profileinstaller:profileinstaller:1.3.1] AndroidManifest.xml:31:17-49
124        </provider>
125
126        <service
126-->[androidx.work:work-runtime:2.9.1] AndroidManifest.xml:39:9-45:35
127            android:name="androidx.work.impl.background.systemalarm.SystemAlarmService"
127-->[androidx.work:work-runtime:2.9.1] AndroidManifest.xml:40:13-88
128            android:directBootAware="false"
128-->[androidx.work:work-runtime:2.9.1] AndroidManifest.xml:41:13-44
129            android:enabled="@bool/enable_system_alarm_service_default"
129-->[androidx.work:work-runtime:2.9.1] AndroidManifest.xml:42:13-72
130            android:exported="false" />
130-->[androidx.work:work-runtime:2.9.1] AndroidManifest.xml:43:13-37
131        <service
131-->[androidx.work:work-runtime:2.9.1] AndroidManifest.xml:46:9-52:35
132            android:name="androidx.work.impl.background.systemjob.SystemJobService"
132-->[androidx.work:work-runtime:2.9.1] AndroidManifest.xml:47:13-84
133            android:directBootAware="false"
133-->[androidx.work:work-runtime:2.9.1] AndroidManifest.xml:48:13-44
134            android:enabled="@bool/enable_system_job_service_default"
134-->[androidx.work:work-runtime:2.9.1] AndroidManifest.xml:49:13-70
135            android:exported="true"
135-->[androidx.work:work-runtime:2.9.1] AndroidManifest.xml:50:13-36
136            android:permission="android.permission.BIND_JOB_SERVICE" />
136-->[androidx.work:work-runtime:2.9.1] AndroidManifest.xml:51:13-69
137        <service
137-->[androidx.work:work-runtime:2.9.1] AndroidManifest.xml:53:9-59:35
138            android:name="androidx.work.impl.foreground.SystemForegroundService"
138-->[androidx.work:work-runtime:2.9.1] AndroidManifest.xml:54:13-81
139            android:directBootAware="false"
139-->[androidx.work:work-runtime:2.9.1] AndroidManifest.xml:55:13-44
140            android:enabled="@bool/enable_system_foreground_service_default"
140-->[androidx.work:work-runtime:2.9.1] AndroidManifest.xml:56:13-77
141            android:exported="false" />
141-->[androidx.work:work-runtime:2.9.1] AndroidManifest.xml:57:13-37
142
143        <receiver
143-->[androidx.work:work-runtime:2.9.1] AndroidManifest.xml:61:9-66:35
144            android:name="androidx.work.impl.utils.ForceStopRunnable$BroadcastReceiver"
144-->[androidx.work:work-runtime:2.9.1] AndroidManifest.xml:62:13-88
145            android:directBootAware="false"
145-->[androidx.work:work-runtime:2.9.1] AndroidManifest.xml:63:13-44
146            android:enabled="true"
146-->[androidx.work:work-runtime:2.9.1] AndroidManifest.xml:64:13-35
147            android:exported="false" />
147-->[androidx.work:work-runtime:2.9.1] AndroidManifest.xml:65:13-37
148        <receiver
148-->[androidx.work:work-runtime:2.9.1] AndroidManifest.xml:67:9-77:20
149            android:name="androidx.work.impl.background.systemalarm.ConstraintProxy$BatteryChargingProxy"
149-->[androidx.work:work-runtime:2.9.1] AndroidManifest.xml:68:13-106
150            android:directBootAware="false"
150-->[androidx.work:work-runtime:2.9.1] AndroidManifest.xml:69:13-44
151            android:enabled="false"
151-->[androidx.work:work-runtime:2.9.1] AndroidManifest.xml:70:13-36
152            android:exported="false" >
152-->[androidx.work:work-runtime:2.9.1] AndroidManifest.xml:71:13-37
153            <intent-filter>
153-->[androidx.work:work-runtime:2.9.1] AndroidManifest.xml:73:13-76:29
154                <action android:name="android.intent.action.ACTION_POWER_CONNECTED" />
154-->[androidx.work:work-runtime:2.9.1] AndroidManifest.xml:74:17-87
154-->[androidx.work:work-runtime:2.9.1] AndroidManifest.xml:74:25-84
155                <action android:name="android.intent.action.ACTION_POWER_DISCONNECTED" />
155-->[androidx.work:work-runtime:2.9.1] AndroidManifest.xml:75:17-90
155-->[androidx.work:work-runtime:2.9.1] AndroidManifest.xml:75:25-87
156            </intent-filter>
157        </receiver>
158        <receiver
158-->[androidx.work:work-runtime:2.9.1] AndroidManifest.xml:78:9-88:20
159            android:name="androidx.work.impl.background.systemalarm.ConstraintProxy$BatteryNotLowProxy"
159-->[androidx.work:work-runtime:2.9.1] AndroidManifest.xml:79:13-104
160            android:directBootAware="false"
160-->[androidx.work:work-runtime:2.9.1] AndroidManifest.xml:80:13-44
161            android:enabled="false"
161-->[androidx.work:work-runtime:2.9.1] AndroidManifest.xml:81:13-36
162            android:exported="false" >
162-->[androidx.work:work-runtime:2.9.1] AndroidManifest.xml:82:13-37
163            <intent-filter>
163-->[androidx.work:work-runtime:2.9.1] AndroidManifest.xml:84:13-87:29
164                <action android:name="android.intent.action.BATTERY_OKAY" />
164-->[androidx.work:work-runtime:2.9.1] AndroidManifest.xml:85:17-77
164-->[androidx.work:work-runtime:2.9.1] AndroidManifest.xml:85:25-74
165                <action android:name="android.intent.action.BATTERY_LOW" />
165-->[androidx.work:work-runtime:2.9.1] AndroidManifest.xml:86:17-76
165-->[androidx.work:work-runtime:2.9.1] AndroidManifest.xml:86:25-73
166            </intent-filter>
167        </receiver>
168        <receiver
168-->[androidx.work:work-runtime:2.9.1] AndroidManifest.xml:89:9-99:20
169            android:name="androidx.work.impl.background.systemalarm.ConstraintProxy$StorageNotLowProxy"
169-->[androidx.work:work-runtime:2.9.1] AndroidManifest.xml:90:13-104
170            android:directBootAware="false"
170-->[androidx.work:work-runtime:2.9.1] AndroidManifest.xml:91:13-44
171            android:enabled="false"
171-->[androidx.work:work-runtime:2.9.1] AndroidManifest.xml:92:13-36
172            android:exported="false" >
172-->[androidx.work:work-runtime:2.9.1] AndroidManifest.xml:93:13-37
173            <intent-filter>
173-->[androidx.work:work-runtime:2.9.1] AndroidManifest.xml:95:13-98:29
174                <action android:name="android.intent.action.DEVICE_STORAGE_LOW" />
174-->[androidx.work:work-runtime:2.9.1] AndroidManifest.xml:96:17-83
174-->[androidx.work:work-runtime:2.9.1] AndroidManifest.xml:96:25-80
175                <action android:name="android.intent.action.DEVICE_STORAGE_OK" />
175-->[androidx.work:work-runtime:2.9.1] AndroidManifest.xml:97:17-82
175-->[androidx.work:work-runtime:2.9.1] AndroidManifest.xml:97:25-79
176            </intent-filter>
177        </receiver>
178        <receiver
178-->[androidx.work:work-runtime:2.9.1] AndroidManifest.xml:100:9-109:20
179            android:name="androidx.work.impl.background.systemalarm.ConstraintProxy$NetworkStateProxy"
179-->[androidx.work:work-runtime:2.9.1] AndroidManifest.xml:101:13-103
180            android:directBootAware="false"
180-->[androidx.work:work-runtime:2.9.1] AndroidManifest.xml:102:13-44
181            android:enabled="false"
181-->[androidx.work:work-runtime:2.9.1] AndroidManifest.xml:103:13-36
182            android:exported="false" >
182-->[androidx.work:work-runtime:2.9.1] AndroidManifest.xml:104:13-37
183            <intent-filter>
183-->[androidx.work:work-runtime:2.9.1] AndroidManifest.xml:106:13-108:29
184                <action android:name="android.net.conn.CONNECTIVITY_CHANGE" />
184-->[androidx.work:work-runtime:2.9.1] AndroidManifest.xml:107:17-79
184-->[androidx.work:work-runtime:2.9.1] AndroidManifest.xml:107:25-76
185            </intent-filter>
186        </receiver>
187        <receiver
187-->[androidx.work:work-runtime:2.9.1] AndroidManifest.xml:110:9-121:20
188            android:name="androidx.work.impl.background.systemalarm.RescheduleReceiver"
188-->[androidx.work:work-runtime:2.9.1] AndroidManifest.xml:111:13-88
189            android:directBootAware="false"
189-->[androidx.work:work-runtime:2.9.1] AndroidManifest.xml:112:13-44
190            android:enabled="false"
190-->[androidx.work:work-runtime:2.9.1] AndroidManifest.xml:113:13-36
191            android:exported="false" >
191-->[androidx.work:work-runtime:2.9.1] AndroidManifest.xml:114:13-37
192            <intent-filter>
192-->[androidx.work:work-runtime:2.9.1] AndroidManifest.xml:116:13-120:29
193                <action android:name="android.intent.action.BOOT_COMPLETED" />
193-->src\main\AndroidManifest.xml:73:17-79
193-->src\main\AndroidManifest.xml:73:25-76
194                <action android:name="android.intent.action.TIME_SET" />
194-->[androidx.work:work-runtime:2.9.1] AndroidManifest.xml:118:17-73
194-->[androidx.work:work-runtime:2.9.1] AndroidManifest.xml:118:25-70
195                <action android:name="android.intent.action.TIMEZONE_CHANGED" />
195-->[androidx.work:work-runtime:2.9.1] AndroidManifest.xml:119:17-81
195-->[androidx.work:work-runtime:2.9.1] AndroidManifest.xml:119:25-78
196            </intent-filter>
197        </receiver>
198        <receiver
198-->[androidx.work:work-runtime:2.9.1] AndroidManifest.xml:122:9-131:20
199            android:name="androidx.work.impl.background.systemalarm.ConstraintProxyUpdateReceiver"
199-->[androidx.work:work-runtime:2.9.1] AndroidManifest.xml:123:13-99
200            android:directBootAware="false"
200-->[androidx.work:work-runtime:2.9.1] AndroidManifest.xml:124:13-44
201            android:enabled="@bool/enable_system_alarm_service_default"
201-->[androidx.work:work-runtime:2.9.1] AndroidManifest.xml:125:13-72
202            android:exported="false" >
202-->[androidx.work:work-runtime:2.9.1] AndroidManifest.xml:126:13-37
203            <intent-filter>
203-->[androidx.work:work-runtime:2.9.1] AndroidManifest.xml:128:13-130:29
204                <action android:name="androidx.work.impl.background.systemalarm.UpdateProxies" />
204-->[androidx.work:work-runtime:2.9.1] AndroidManifest.xml:129:17-98
204-->[androidx.work:work-runtime:2.9.1] AndroidManifest.xml:129:25-95
205            </intent-filter>
206        </receiver>
207        <receiver
207-->[androidx.work:work-runtime:2.9.1] AndroidManifest.xml:132:9-142:20
208            android:name="androidx.work.impl.diagnostics.DiagnosticsReceiver"
208-->[androidx.work:work-runtime:2.9.1] AndroidManifest.xml:133:13-78
209            android:directBootAware="false"
209-->[androidx.work:work-runtime:2.9.1] AndroidManifest.xml:134:13-44
210            android:enabled="true"
210-->[androidx.work:work-runtime:2.9.1] AndroidManifest.xml:135:13-35
211            android:exported="true"
211-->[androidx.work:work-runtime:2.9.1] AndroidManifest.xml:136:13-36
212            android:permission="android.permission.DUMP" >
212-->[androidx.work:work-runtime:2.9.1] AndroidManifest.xml:137:13-57
213            <intent-filter>
213-->[androidx.work:work-runtime:2.9.1] AndroidManifest.xml:139:13-141:29
214                <action android:name="androidx.work.diagnostics.REQUEST_DIAGNOSTICS" />
214-->[androidx.work:work-runtime:2.9.1] AndroidManifest.xml:140:17-88
214-->[androidx.work:work-runtime:2.9.1] AndroidManifest.xml:140:25-85
215            </intent-filter>
216        </receiver>
217
218        <activity
218-->[com.google.android.gms:play-services-base:18.5.0] AndroidManifest.xml:5:9-173
219            android:name="com.google.android.gms.common.api.GoogleApiActivity"
219-->[com.google.android.gms:play-services-base:18.5.0] AndroidManifest.xml:5:19-85
220            android:exported="false"
220-->[com.google.android.gms:play-services-base:18.5.0] AndroidManifest.xml:5:146-170
221            android:theme="@android:style/Theme.Translucent.NoTitleBar" />
221-->[com.google.android.gms:play-services-base:18.5.0] AndroidManifest.xml:5:86-145
222
223        <meta-data
223-->[com.google.android.gms:play-services-basement:18.4.0] AndroidManifest.xml:6:9-122
224            android:name="com.google.android.gms.version"
224-->[com.google.android.gms:play-services-basement:18.4.0] AndroidManifest.xml:6:20-65
225            android:value="@integer/google_play_services_version" />
225-->[com.google.android.gms:play-services-basement:18.4.0] AndroidManifest.xml:6:66-119
226
227        <service
227-->[androidx.room:room-runtime:2.6.1] AndroidManifest.xml:24:9-28:63
228            android:name="androidx.room.MultiInstanceInvalidationService"
228-->[androidx.room:room-runtime:2.6.1] AndroidManifest.xml:25:13-74
229            android:directBootAware="true"
229-->[androidx.room:room-runtime:2.6.1] AndroidManifest.xml:26:13-43
230            android:exported="false" />
230-->[androidx.room:room-runtime:2.6.1] AndroidManifest.xml:27:13-37
231
232        <receiver
232-->[androidx.profileinstaller:profileinstaller:1.3.1] AndroidManifest.xml:34:9-52:20
233            android:name="androidx.profileinstaller.ProfileInstallReceiver"
233-->[androidx.profileinstaller:profileinstaller:1.3.1] AndroidManifest.xml:35:13-76
234            android:directBootAware="false"
234-->[androidx.profileinstaller:profileinstaller:1.3.1] AndroidManifest.xml:36:13-44
235            android:enabled="true"
235-->[androidx.profileinstaller:profileinstaller:1.3.1] AndroidManifest.xml:37:13-35
236            android:exported="true"
236-->[androidx.profileinstaller:profileinstaller:1.3.1] AndroidManifest.xml:38:13-36
237            android:permission="android.permission.DUMP" >
237-->[androidx.profileinstaller:profileinstaller:1.3.1] AndroidManifest.xml:39:13-57
238            <intent-filter>
238-->[androidx.profileinstaller:profileinstaller:1.3.1] AndroidManifest.xml:40:13-42:29
239                <action android:name="androidx.profileinstaller.action.INSTALL_PROFILE" />
239-->[androidx.profileinstaller:profileinstaller:1.3.1] AndroidManifest.xml:41:17-91
239-->[androidx.profileinstaller:profileinstaller:1.3.1] AndroidManifest.xml:41:25-88
240            </intent-filter>
241            <intent-filter>
241-->[androidx.profileinstaller:profileinstaller:1.3.1] AndroidManifest.xml:43:13-45:29
242                <action android:name="androidx.profileinstaller.action.SKIP_FILE" />
242-->[androidx.profileinstaller:profileinstaller:1.3.1] AndroidManifest.xml:44:17-85
242-->[androidx.profileinstaller:profileinstaller:1.3.1] AndroidManifest.xml:44:25-82
243            </intent-filter>
244            <intent-filter>
244-->[androidx.profileinstaller:profileinstaller:1.3.1] AndroidManifest.xml:46:13-48:29
245                <action android:name="androidx.profileinstaller.action.SAVE_PROFILE" />
245-->[androidx.profileinstaller:profileinstaller:1.3.1] AndroidManifest.xml:47:17-88
245-->[androidx.profileinstaller:profileinstaller:1.3.1] AndroidManifest.xml:47:25-85
246            </intent-filter>
247            <intent-filter>
247-->[androidx.profileinstaller:profileinstaller:1.3.1] AndroidManifest.xml:49:13-51:29
248                <action android:name="androidx.profileinstaller.action.BENCHMARK_OPERATION" />
248-->[androidx.profileinstaller:profileinstaller:1.3.1] AndroidManifest.xml:50:17-95
248-->[androidx.profileinstaller:profileinstaller:1.3.1] AndroidManifest.xml:50:25-92
249            </intent-filter>
250        </receiver>
251    </application>
252
253</manifest>